have_library: checking for main() in -lstdc++... -------------------- yes

"gcc -o conftest -I. -I/usr/local/lib/ruby/1.8/i686-darwin8.9.1 -I/Users/elcdeveloper/Desktop/id3lib-ruby-0.5.0/ext  -g -O2 -pipe -fno-common conftest.c  -L"/usr/local/lib"      -lruby-static -lstdc++  -lpthread -ldl -lobjc  "
checked program was:
/* begin */
1: /*top*/
2: int main() { return 0; }
3: int t() { main(); return 0; }
/* end */

--------------------

have_library: checking for main() in -lz... -------------------- yes

"gcc -o conftest -I. -I/usr/local/lib/ruby/1.8/i686-darwin8.9.1 -I/Users/elcdeveloper/Desktop/id3lib-ruby-0.5.0/ext  -g -O2 -pipe -fno-common conftest.c  -L"/usr/local/lib"     -lstdc++  -lruby-static -lz -lstdc++  -lpthread -ldl -lobjc  "
checked program was:
/* begin */
1: /*top*/
2: int main() { return 0; }
3: int t() { main(); return 0; }
/* end */

--------------------

have_header: checking for id3.h... -------------------- no

"gcc -E -I. -I/usr/local/lib/ruby/1.8/i686-darwin8.9.1 -I/Users/elcdeveloper/Desktop/id3lib-ruby-0.5.0/ext  -g -O2 -pipe -fno-common  conftest.c -o conftest.i"
conftest.c:1:17: error: id3.h: No such file or directory
checked program was:
/* begin */
1: #include <id3.h>
/* end */

--------------------

